<?xml version="1.0" encoding="UTF-8"?>
<coverage generated="1715746254199" clover="3.2.0">
  <project timestamp="1715746254200" name="All files">
    <metrics statements="7" coveredstatements="7" conditionals="1" coveredconditionals="1" methods="4" coveredmethods="4" elements="12" coveredelements="12" complexity="0" loc="7" ncloc="7" packages="1" files="1" classes="1"/>
    <file name="singleton.ts" path="D:\Codes\pattern_designs\patters\singleton\singleton.ts">
      <metrics statements="7" coveredstatements="7" conditionals="1" coveredconditionals="1" methods="4" coveredmethods="4"/>
      <line num="1" count="1" type="stmt"/>
      <line num="5" count="1" type="stmt"/>
      <line num="8" count="4" type="cond" truecount="1" falsecount="0"/>
      <line num="9" count="1" type="stmt"/>
      <line num="11" count="4" type="stmt"/>
      <line num="15" count="2" type="stmt"/>
      <line num="18" count="2" type="stmt"/>
    </file>
  </project>
</coverage>
