{"D:\\Codes\\pattern_designs\\patters\\factoryMethod\\concreteCreator.ts": {"path":"D:\\Codes\\pattern_designs\\patters\\factoryMethod\\concreteCreator.ts","statementMap":{"0":{"start":{"line":1,"column":0},"end":{"line":1,"column":58}},"1":{"start":{"line":10,"column":8},"end":{"line":10,"column":28}},"2":{"start":{"line":14,"column":8},"end":{"line":14,"column":42}},"3":{"start":{"line":6,"column":0},"end":{"line":6,"column":13}},"4":{"start":{"line":22,"column":8},"end":{"line":22,"column":28}},"5":{"start":{"line":26,"column":8},"end":{"line":26,"column":43}},"6":{"start":{"line":19,"column":0},"end":{"line":19,"column":13}}},"fnMap":{"0":{"name":"(anonymous_0)","decl":{"start":{"line":9,"column":4},"end":{"line":9,"column":16}},"loc":{"start":{"line":9,"column":29},"end":{"line":11,"column":5}}},"1":{"name":"(anonymous_1)","decl":{"start":{"line":13,"column":11},"end":{"line":13,"column":18}},"loc":{"start":{"line":13,"column":18},"end":{"line":15,"column":5}}},"2":{"name":"(anonymous_2)","decl":{"start":{"line":21,"column":4},"end":{"line":21,"column":16}},"loc":{"start":{"line":21,"column":29},"end":{"line":23,"column":5}}},"3":{"name":"(anonymous_3)","decl":{"start":{"line":25,"column":11},"end":{"line":25,"column":18}},"loc":{"start":{"line":25,"column":18},"end":{"line":27,"column":5}}}},"branchMap":{},"s":{"0":1,"1":1,"2":1,"3":1,"4":1,"5":1,"6":1},"f":{"0":1,"1":1,"2":1,"3":1},"b":{}}
,"D:\\Codes\\pattern_designs\\patters\\factoryMethod\\concreteProduct.ts": {"path":"D:\\Codes\\pattern_designs\\patters\\factoryMethod\\concreteProduct.ts","statementMap":{"0":{"start":{"line":7,"column":8},"end":{"line":7,"column":24}},"1":{"start":{"line":10,"column":8},"end":{"line":10,"column":37}},"2":{"start":{"line":4,"column":0},"end":{"line":4,"column":13}},"3":{"start":{"line":18,"column":8},"end":{"line":18,"column":28}},"4":{"start":{"line":22,"column":8},"end":{"line":22,"column":33}},"5":{"start":{"line":15,"column":0},"end":{"line":15,"column":13}}},"fnMap":{"0":{"name":"(anonymous_0)","decl":{"start":{"line":6,"column":4},"end":{"line":6,"column":16}},"loc":{"start":{"line":6,"column":27},"end":{"line":8,"column":5}}},"1":{"name":"(anonymous_1)","decl":{"start":{"line":9,"column":11},"end":{"line":9,"column":15}},"loc":{"start":{"line":9,"column":29},"end":{"line":11,"column":5}}},"2":{"name":"(anonymous_2)","decl":{"start":{"line":17,"column":4},"end":{"line":17,"column":16}},"loc":{"start":{"line":17,"column":29},"end":{"line":19,"column":5}}},"3":{"name":"(anonymous_3)","decl":{"start":{"line":21,"column":11},"end":{"line":21,"column":15}},"loc":{"start":{"line":21,"column":29},"end":{"line":23,"column":5}}}},"branchMap":{},"s":{"0":1,"1":1,"2":1,"3":1,"4":1,"5":1},"f":{"0":1,"1":1,"2":1,"3":1},"b":{}}
,"D:\\Codes\\pattern_designs\\patters\\observer\\observer.ts": {"path":"D:\\Codes\\pattern_designs\\patters\\observer\\observer.ts","statementMap":{"0":{"start":{"line":8,"column":8},"end":{"line":8,"column":22}},"1":{"start":{"line":12,"column":8},"end":{"line":12,"column":30}},"2":{"start":{"line":16,"column":8},"end":{"line":16,"column":31}},"3":{"start":{"line":17,"column":8},"end":{"line":17,"column":24}},"4":{"start":{"line":3,"column":0},"end":{"line":3,"column":13}}},"fnMap":{"0":{"name":"(anonymous_0)","decl":{"start":{"line":7,"column":4},"end":{"line":7,"column":16}},"loc":{"start":{"line":7,"column":38},"end":{"line":9,"column":5}}},"1":{"name":"(anonymous_1)","decl":{"start":{"line":11,"column":4},"end":{"line":11,"column":16}},"loc":{"start":{"line":11,"column":16},"end":{"line":13,"column":5}}},"2":{"name":"(anonymous_2)","decl":{"start":{"line":15,"column":4},"end":{"line":15,"column":11}},"loc":{"start":{"line":15,"column":20},"end":{"line":18,"column":5}}}},"branchMap":{},"s":{"0":4,"1":4,"2":5,"3":5,"4":1},"f":{"0":4,"1":4,"2":5},"b":{}}
,"D:\\Codes\\pattern_designs\\patters\\observer\\subject.ts": {"path":"D:\\Codes\\pattern_designs\\patters\\observer\\subject.ts","statementMap":{"0":{"start":{"line":7,"column":8},"end":{"line":7,"column":28}},"1":{"start":{"line":11,"column":8},"end":{"line":11,"column":38}},"2":{"start":{"line":15,"column":8},"end":{"line":15,"column":68}},"3":{"start":{"line":15,"column":52},"end":{"line":15,"column":66}},"4":{"start":{"line":19,"column":8},"end":{"line":21,"column":11}},"5":{"start":{"line":20,"column":12},"end":{"line":20,"column":30}},"6":{"start":{"line":4,"column":0},"end":{"line":4,"column":13}}},"fnMap":{"0":{"name":"(anonymous_0)","decl":{"start":{"line":6,"column":4},"end":{"line":6,"column":null}},"loc":{"start":{"line":6,"column":4},"end":{"line":8,"column":5}}},"1":{"name":"(anonymous_1)","decl":{"start":{"line":10,"column":4},"end":{"line":10,"column":13}},"loc":{"start":{"line":10,"column":36},"end":{"line":12,"column":5}}},"2":{"name":"(anonymous_2)","decl":{"start":{"line":14,"column":4},"end":{"line":14,"column":15}},"loc":{"start":{"line":14,"column":38},"end":{"line":16,"column":5}}},"3":{"name":"(anonymous_3)","decl":{"start":{"line":15,"column":47},"end":{"line":15,"column":48}},"loc":{"start":{"line":15,"column":52},"end":{"line":15,"column":66}}},"4":{"name":"(anonymous_4)","decl":{"start":{"line":18,"column":4},"end":{"line":18,"column":8}},"loc":{"start":{"line":18,"column":16},"end":{"line":22,"column":5}}},"5":{"name":"(anonymous_5)","decl":{"start":{"line":19,"column":31},"end":{"line":19,"column":34}},"loc":{"start":{"line":19,"column":37},"end":{"line":21,"column":9}}}},"branchMap":{},"s":{"0":2,"1":4,"2":1,"3":2,"4":3,"5":5,"6":1},"f":{"0":2,"1":4,"2":1,"3":2,"4":3,"5":5},"b":{}}
,"D:\\Codes\\pattern_designs\\patters\\singleton\\singleton.ts": {"path":"D:\\Codes\\pattern_designs\\patters\\singleton\\singleton.ts","statementMap":{"0":{"start":{"line":5,"column":8},"end":{"line":5,"column":43}},"1":{"start":{"line":8,"column":8},"end":{"line":10,"column":9}},"2":{"start":{"line":9,"column":12},"end":{"line":9,"column":44}},"3":{"start":{"line":11,"column":8},"end":{"line":11,"column":29}},"4":{"start":{"line":15,"column":8},"end":{"line":15,"column":28}},"5":{"start":{"line":18,"column":8},"end":{"line":18,"column":27}},"6":{"start":{"line":1,"column":0},"end":{"line":1,"column":21}}},"fnMap":{"0":{"name":"(anonymous_0)","decl":{"start":{"line":4,"column":4},"end":{"line":4,"column":null}},"loc":{"start":{"line":4,"column":4},"end":{"line":6,"column":5}}},"1":{"name":"(anonymous_1)","decl":{"start":{"line":7,"column":11},"end":{"line":7,"column":17}},"loc":{"start":{"line":7,"column":29},"end":{"line":12,"column":5}}},"2":{"name":"(anonymous_2)","decl":{"start":{"line":14,"column":11},"end":{"line":14,"column":17}},"loc":{"start":{"line":14,"column":17},"end":{"line":16,"column":5}}},"3":{"name":"(anonymous_3)","decl":{"start":{"line":17,"column":11},"end":{"line":17,"column":17}},"loc":{"start":{"line":17,"column":29},"end":{"line":19,"column":5}}}},"branchMap":{"0":{"loc":{"start":{"line":8,"column":8},"end":{"line":10,"column":9}},"type":"if","locations":[{"start":{"line":8,"column":8},"end":{"line":10,"column":9}}]}},"s":{"0":1,"1":4,"2":1,"3":4,"4":2,"5":2,"6":1},"f":{"0":1,"1":4,"2":2,"3":2},"b":{"0":[1]}}
,"D:\\Codes\\pattern_designs\\patters\\strategy\\context.ts": {"path":"D:\\Codes\\pattern_designs\\patters\\strategy\\context.ts","statementMap":{"0":{"start":{"line":7,"column":8},"end":{"line":7,"column":35}},"1":{"start":{"line":11,"column":8},"end":{"line":11,"column":34}},"2":{"start":{"line":15,"column":8},"end":{"line":15,"column":48}},"3":{"start":{"line":3,"column":0},"end":{"line":3,"column":13}}},"fnMap":{"0":{"name":"(anonymous_0)","decl":{"start":{"line":6,"column":4},"end":{"line":6,"column":16}},"loc":{"start":{"line":6,"column":35},"end":{"line":8,"column":5}}},"1":{"name":"(anonymous_1)","decl":{"start":{"line":10,"column":4},"end":{"line":10,"column":15}},"loc":{"start":{"line":10,"column":35},"end":{"line":12,"column":5}}},"2":{"name":"(anonymous_2)","decl":{"start":{"line":14,"column":4},"end":{"line":14,"column":8}},"loc":{"start":{"line":14,"column":35},"end":{"line":16,"column":5}}}},"branchMap":{},"s":{"0":5,"1":6,"2":5,"3":1},"f":{"0":5,"1":6,"2":5},"b":{}}
,"D:\\Codes\\pattern_designs\\patters\\strategy\\strategy.ts": {"path":"D:\\Codes\\pattern_designs\\patters\\strategy\\strategy.ts","statementMap":{"0":{"start":{"line":5,"column":23},"end":{"line":14,"column":10}},"1":{"start":{"line":16,"column":22},"end":{"line":16,"column":70}},"2":{"start":{"line":16,"column":39},"end":{"line":16,"column":69}},"3":{"start":{"line":17,"column":8},"end":{"line":17,"column":34}},"4":{"start":{"line":3,"column":0},"end":{"line":3,"column":13}},"5":{"start":{"line":23,"column":22},"end":{"line":23,"column":54}},"6":{"start":{"line":24,"column":8},"end":{"line":24,"column":54}},"7":{"start":{"line":21,"column":0},"end":{"line":21,"column":13}}},"fnMap":{"0":{"name":"(anonymous_0)","decl":{"start":{"line":4,"column":4},"end":{"line":4,"column":10}},"loc":{"start":{"line":4,"column":37},"end":{"line":18,"column":5}}},"1":{"name":"(anonymous_1)","decl":{"start":{"line":16,"column":34},"end":{"line":16,"column":35}},"loc":{"start":{"line":16,"column":39},"end":{"line":16,"column":69}}},"2":{"name":"(anonymous_2)","decl":{"start":{"line":22,"column":4},"end":{"line":22,"column":10}},"loc":{"start":{"line":22,"column":37},"end":{"line":25,"column":5}}}},"branchMap":{"0":{"loc":{"start":{"line":16,"column":39},"end":{"line":16,"column":69}},"type":"binary-expr","locations":[{"start":{"line":16,"column":39},"end":{"line":16,"column":52}},{"start":{"line":16,"column":56},"end":{"line":16,"column":69}}]},"1":{"loc":{"start":{"line":17,"column":15},"end":{"line":17,"column":33}},"type":"cond-expr","locations":[{"start":{"line":17,"column":22},"end":{"line":17,"column":26}},{"start":{"line":17,"column":28},"end":{"line":17,"column":33}}]},"2":{"loc":{"start":{"line":24,"column":15},"end":{"line":24,"column":53}},"type":"binary-expr","locations":[{"start":{"line":24,"column":15},"end":{"line":24,"column":32}},{"start":{"line":24,"column":36},"end":{"line":24,"column":53}}]}},"s":{"0":2,"1":2,"2":3,"3":2,"4":1,"5":3,"6":3,"7":1},"f":{"0":2,"1":3,"2":3},"b":{"0":[3,1],"1":[1,1],"2":[3,2]}}
}
