TN:
SF:patters\bridge\abstraction.ts
FN:6,(anonymous_0)
FN:10,(anonymous_1)
FN:14,(anonymous_2)
FN:18,(anonymous_3)
FNF:4
FNH:4
FNDA:3,(anonymous_0)
FNDA:17,(anonymous_1)
FNDA:3,(anonymous_2)
FNDA:1,(anonymous_3)
DA:4,1
DA:7,3
DA:11,17
DA:15,3
DA:19,1
LF:5
LH:5
BRF:0
BRH:0
end_of_record
TN:
SF:patters\bridge\implementor.ts
FN:3,(anonymous_0)
FN:6,(anonymous_1)
FN:8,(anonymous_2)
FN:10,(anonymous_3)
FN:16,(anonymous_4)
FN:19,(anonymous_5)
FN:25,(anonymous_6)
FNF:7
FNH:7
FNDA:1,(anonymous_0)
FNDA:5,(anonymous_1)
FNDA:14,(anonymous_2)
FNDA:1,(anonymous_3)
FNDA:2,(anonymous_4)
FNDA:12,(anonymous_5)
FNDA:3,(anonymous_6)
DA:3,1
DA:4,1
DA:7,5
DA:8,14
DA:11,1
DA:16,1
DA:17,2
DA:20,12
DA:21,10
DA:26,3
LF:10
LH:10
BRDA:20,0,0,10
BRF:1
BRH:1
end_of_record
TN:
SF:patters\builder\builder.ts
FN:10,(anonymous_0)
FN:17,(anonymous_1)
FN:24,(anonymous_2)
FN:29,(anonymous_3)
FN:34,(anonymous_4)
FN:39,(anonymous_5)
FN:44,(anonymous_6)
FNF:7
FNH:7
FNDA:5,(anonymous_0)
FNDA:9,(anonymous_1)
FNDA:5,(anonymous_2)
FNDA:5,(anonymous_3)
FNDA:5,(anonymous_4)
FNDA:5,(anonymous_5)
FNDA:5,(anonymous_6)
DA:2,1
DA:4,1
DA:11,5
DA:12,5
DA:13,5
DA:14,5
DA:18,9
DA:19,9
DA:20,9
DA:21,9
DA:25,5
DA:26,5
DA:30,5
DA:31,5
DA:35,5
DA:36,5
DA:40,5
DA:41,5
DA:45,5
DA:51,5
DA:52,5
LF:21
LH:21
BRF:0
BRH:0
end_of_record
TN:
SF:patters\builder\director.ts
FN:5,(anonymous_0)
FN:9,(anonymous_1)
FN:17,(anonymous_2)
FNF:3
FNH:3
FNDA:4,(anonymous_0)
FNDA:3,(anonymous_1)
FNDA:1,(anonymous_2)
DA:3,1
DA:6,4
DA:10,3
DA:11,3
DA:18,1
DA:19,1
LF:6
LH:6
BRF:0
BRH:0
end_of_record
TN:
SF:patters\builder\product.ts
FN:8,(anonymous_0)
FN:15,(anonymous_1)
FN:24,(anonymous_2)
FN:28,(anonymous_3)
FN:32,(anonymous_4)
FNF:5
FNH:5
FNDA:5,(anonymous_0)
FNDA:1,(anonymous_1)
FNDA:1,(anonymous_2)
FNDA:1,(anonymous_3)
FNDA:1,(anonymous_4)
DA:2,1
DA:9,5
DA:10,5
DA:11,5
DA:12,5
DA:16,1
DA:25,1
DA:29,1
DA:33,1
LF:9
LH:9
BRF:0
BRH:0
end_of_record
TN:
SF:patters\decorator\component.ts
FN:6,(anonymous_0)
FN:10,(anonymous_1)
FNF:2
FNH:2
FNDA:3,(anonymous_0)
FNDA:3,(anonymous_1)
DA:3,1
DA:7,3
DA:11,3
DA:12,3
LF:4
LH:4
BRF:0
BRH:0
end_of_record
TN:
SF:patters\decorator\decorator.abstract.ts
FN:6,(anonymous_0)
FN:10,(anonymous_1)
FNF:2
FNH:2
FNDA:2,(anonymous_0)
FNDA:2,(anonymous_1)
DA:4,1
DA:7,2
DA:11,2
LF:3
LH:3
BRF:0
BRH:0
end_of_record
TN:
SF:patters\decorator\decorator.ts
FN:6,(anonymous_0)
FN:10,(anonymous_1)
FN:12,(anonymous_2)
FNF:3
FNH:3
FNDA:2,(anonymous_0)
FNDA:2,(anonymous_1)
FNDA:10000,(anonymous_2)
DA:3,1
DA:5,1
DA:7,2
DA:11,2
DA:12,2
DA:13,10000
DA:14,10000
DA:15,10000
DA:17,2
LF:9
LH:9
BRF:0
BRH:0
end_of_record
TN:
SF:patters\factoryMethod\concreteCreator.ts
FN:9,(anonymous_0)
FN:13,(anonymous_1)
FN:21,(anonymous_2)
FN:25,(anonymous_3)
FNF:4
FNH:4
FNDA:1,(anonymous_0)
FNDA:1,(anonymous_1)
FNDA:1,(anonymous_2)
FNDA:1,(anonymous_3)
DA:1,1
DA:6,1
DA:10,1
DA:14,1
DA:19,1
DA:22,1
DA:26,1
LF:7
LH:7
BRF:0
BRH:0
end_of_record
TN:
SF:patters\factoryMethod\concreteProduct.ts
FN:6,(anonymous_0)
FN:9,(anonymous_1)
FN:17,(anonymous_2)
FN:21,(anonymous_3)
FNF:4
FNH:4
FNDA:1,(anonymous_0)
FNDA:1,(anonymous_1)
FNDA:1,(anonymous_2)
FNDA:1,(anonymous_3)
DA:4,1
DA:7,1
DA:10,1
DA:15,1
DA:18,1
DA:22,1
LF:6
LH:6
BRF:0
BRH:0
end_of_record
TN:
SF:patters\observer\observer.ts
FN:7,(anonymous_0)
FN:11,(anonymous_1)
FN:15,(anonymous_2)
FNF:3
FNH:3
FNDA:4,(anonymous_0)
FNDA:4,(anonymous_1)
FNDA:5,(anonymous_2)
DA:3,1
DA:8,4
DA:12,4
DA:16,5
DA:17,5
LF:5
LH:5
BRF:0
BRH:0
end_of_record
TN:
SF:patters\observer\subject.ts
FN:6,(anonymous_0)
FN:10,(anonymous_1)
FN:14,(anonymous_2)
FN:15,(anonymous_3)
FN:18,(anonymous_4)
FN:19,(anonymous_5)
FNF:6
FNH:6
FNDA:2,(anonymous_0)
FNDA:4,(anonymous_1)
FNDA:1,(anonymous_2)
FNDA:2,(anonymous_3)
FNDA:3,(anonymous_4)
FNDA:5,(anonymous_5)
DA:4,1
DA:7,2
DA:11,4
DA:15,2
DA:19,3
DA:20,5
LF:6
LH:6
BRF:0
BRH:0
end_of_record
TN:
SF:patters\singleton\singleton.ts
FN:4,(anonymous_0)
FN:7,(anonymous_1)
FN:14,(anonymous_2)
FN:17,(anonymous_3)
FNF:4
FNH:4
FNDA:1,(anonymous_0)
FNDA:4,(anonymous_1)
FNDA:2,(anonymous_2)
FNDA:2,(anonymous_3)
DA:1,1
DA:5,1
DA:8,4
DA:9,1
DA:11,4
DA:15,2
DA:18,2
LF:7
LH:7
BRDA:8,0,0,1
BRF:1
BRH:1
end_of_record
TN:
SF:patters\state\concreteState.ts
FN:6,(anonymous_0)
FN:8,(anonymous_1)
FN:12,(anonymous_2)
FN:14,(anonymous_3)
FN:18,(anonymous_4)
FN:20,(anonymous_5)
FN:22,(anonymous_6)
FN:26,(anonymous_7)
FN:30,(anonymous_8)
FN:32,(anonymous_9)
FN:34,(anonymous_10)
FN:36,(anonymous_11)
FNF:12
FNH:12
FNDA:4,(anonymous_0)
FNDA:3,(anonymous_1)
FNDA:1,(anonymous_2)
FNDA:1,(anonymous_3)
FNDA:4,(anonymous_4)
FNDA:1,(anonymous_5)
FNDA:2,(anonymous_6)
FNDA:1,(anonymous_7)
FNDA:2,(anonymous_8)
FNDA:1,(anonymous_9)
FNDA:1,(anonymous_10)
FNDA:1,(anonymous_11)
DA:4,1
DA:6,4
DA:9,3
DA:17,1
DA:18,4
DA:23,2
DA:29,1
DA:30,2
DA:37,1
LF:9
LH:9
BRF:0
BRH:0
end_of_record
TN:
SF:patters\state\context.ts
FN:7,(anonymous_0)
FN:11,(anonymous_1)
FN:15,(anonymous_2)
FN:19,(anonymous_3)
FN:23,(anonymous_4)
FN:27,(anonymous_5)
FNF:6
FNH:6
FNDA:4,(anonymous_0)
FNDA:6,(anonymous_1)
FNDA:4,(anonymous_2)
FNDA:5,(anonymous_3)
FNDA:4,(anonymous_4)
FNDA:3,(anonymous_5)
DA:1,1
DA:4,1
DA:8,4
DA:12,6
DA:16,4
DA:20,5
DA:24,4
DA:28,3
LF:8
LH:8
BRF:0
BRH:0
end_of_record
TN:
SF:patters\strategy\context.ts
FN:6,(anonymous_0)
FN:10,(anonymous_1)
FN:14,(anonymous_2)
FNF:3
FNH:3
FNDA:5,(anonymous_0)
FNDA:6,(anonymous_1)
FNDA:5,(anonymous_2)
DA:3,1
DA:7,5
DA:11,6
DA:15,5
LF:4
LH:4
BRF:0
BRH:0
end_of_record
TN:
SF:patters\strategy\strategy.ts
FN:4,(anonymous_0)
FN:16,(anonymous_1)
FN:22,(anonymous_2)
FNF:3
FNH:3
FNDA:2,(anonymous_0)
FNDA:3,(anonymous_1)
FNDA:3,(anonymous_2)
DA:3,1
DA:5,2
DA:16,3
DA:17,2
DA:21,1
DA:23,3
DA:24,3
LF:7
LH:7
BRDA:16,0,0,3
BRDA:16,0,1,1
BRDA:17,1,0,1
BRDA:17,1,1,1
BRDA:24,2,0,3
BRDA:24,2,1,2
BRF:6
BRH:6
end_of_record
